<?xml version="1.0" encoding="UTF-8"?>
<!-- Generated by org.testng.reporters.JUnitReportReporter -->
<testsuite hostname="Vijays-MacBook-Pro.local" failures="0" tests="5" name="com.testNg.testNgAnnotations" time="0.014" errors="0" timestamp="2022-02-15T23:20:59 CST" skipped="1">
  <testcase classname="com.testNg.testNgAnnotations" name="testcase5" time="0.007"/>
  <system-out/>
  <testcase classname="com.testNg.testNgAnnotations" name="testcase1" time="0.001"/>
  <system-out/>
  <testcase classname="com.testNg.testNgAnnotations" name="Testcase3" time="0.005"/>
  <system-out/>
  <testcase classname="com.testNg.testNgAnnotations" name="testcase2" time="0.001"/>
  <system-out/>
  <testcase classname="com.testNg.testNgAnnotations" name="Testcase4">
    <skipped/>
  </testcase> <!-- Testcase4 -->
  <system-out/>
</testsuite> <!-- com.testNg.testNgAnnotations -->
